\BOOKMARK [0][-]{part.1}{I Contexte}{}% 1
\BOOKMARK [1][-]{section.1.1}{Constats empiriques}{part.1}% 2
\BOOKMARK [2][-]{subsection.1.1.1}{L'omnipr\351sence du clavier}{section.1.1}% 3
\BOOKMARK [2][-]{subsection.1.1.2}{Le culte paradoxal de l'improductivit\351}{section.1.1}% 4
\BOOKMARK [2][-]{subsection.1.1.3}{Les troubles musculosquelettiques \(TMS\)}{section.1.1}% 5
\BOOKMARK [2][-]{subsection.1.1.4}{Une concurrence limit\351e sur le segment de la dactylographie}{section.1.1}% 6
\BOOKMARK [1][-]{section.1.2}{\311tude de l'existant}{part.1}% 7
\BOOKMARK [2][-]{subsection.1.2.1}{Apprentissage de la dactylographie traditionnelle}{section.1.2}% 8
\BOOKMARK [3][-]{subsubsection.1.2.1.1}{Klavaro}{subsection.1.2.1}% 9
\BOOKMARK [3][-]{subsubsection.1.2.1.2}{10FastFingers}{subsection.1.2.1}% 10
\BOOKMARK [3][-]{subsubsection.1.2.1.3}{Keyhero}{subsection.1.2.1}% 11
\BOOKMARK [3][-]{subsubsection.1.2.1.4}{Nitro Type}{subsection.1.2.1}% 12
\BOOKMARK [2][-]{subsection.1.2.2}{Apprentissage de la dactylographie pour programmeurs}{section.1.2}% 13
\BOOKMARK [3][-]{subsubsection.1.2.2.1}{Typing.io}{subsection.1.2.2}% 14
\BOOKMARK [3][-]{subsubsection.1.2.2.2}{SwiftCODE}{subsection.1.2.2}% 15
\BOOKMARK [0][-]{part.2}{II Pr\351sentation du site}{}% 16
\BOOKMARK [1][-]{section.2.1}{Le projet en quelques mots}{part.2}% 17
\BOOKMARK [1][-]{section.2.2}{Charte graphique}{part.2}% 18
\BOOKMARK [1][-]{section.2.3}{Mod\350le de navigation}{part.2}% 19
\BOOKMARK [1][-]{section.2.4}{Fonctionnalit\351s}{part.2}% 20
\BOOKMARK [2][-]{subsection.2.4.1}{Apprendre}{section.2.4}% 21
\BOOKMARK [3][-]{subsubsection.2.4.1.1}{Conseils}{subsection.2.4.1}% 22
\BOOKMARK [3][-]{subsubsection.2.4.1.2}{Tutoriels}{subsection.2.4.1}% 23
\BOOKMARK [3][-]{subsubsection.2.4.1.3}{Ergonomie}{subsection.2.4.1}% 24
\BOOKMARK [2][-]{subsection.2.4.2}{Pratiquer}{section.2.4}% 25
\BOOKMARK [3][-]{subsubsection.2.4.2.1}{Bases}{subsection.2.4.2}% 26
\BOOKMARK [3][-]{subsubsection.2.4.2.2}{Digrammes}{subsection.2.4.2}% 27
\BOOKMARK [3][-]{subsubsection.2.4.2.3}{Trigrammes}{subsection.2.4.2}% 28
\BOOKMARK [3][-]{subsubsection.2.4.2.4}{Mots}{subsection.2.4.2}% 29
\BOOKMARK [3][-]{subsubsection.2.4.2.5}{Phrases}{subsection.2.4.2}% 30
\BOOKMARK [3][-]{subsubsection.2.4.2.6}{Nombres}{subsection.2.4.2}% 31
\BOOKMARK [3][-]{subsubsection.2.4.2.7}{Textes}{subsection.2.4.2}% 32
\BOOKMARK [3][-]{subsubsection.2.4.2.8}{Code}{subsection.2.4.2}% 33
\BOOKMARK [3][-]{subsubsection.2.4.2.9}{Sur-mesure}{subsection.2.4.2}% 34
\BOOKMARK [2][-]{subsection.2.4.3}{Affronter}{section.2.4}% 35
\BOOKMARK [3][-]{subsubsection.2.4.3.1}{Test \(mode solo\)}{subsection.2.4.3}% 36
\BOOKMARK [3][-]{subsubsection.2.4.3.2}{D\351fi \(comp\351tition priv\351e\)}{subsection.2.4.3}% 37
\BOOKMARK [3][-]{subsubsection.2.4.3.3}{Tournoi \(comp\351tition publique\)}{subsection.2.4.3}% 38
\BOOKMARK [2][-]{subsection.2.4.4}{Divers}{section.2.4}% 39
\BOOKMARK [3][-]{subsubsection.2.4.4.1}{Espace membre}{subsection.2.4.4}% 40
\BOOKMARK [3][-]{subsubsection.2.4.4.2}{Classement}{subsection.2.4.4}% 41
\BOOKMARK [0][-]{part.3}{III R\351alisation technique}{}% 42
\BOOKMARK [1][-]{section.3.1}{Front-end}{part.3}% 43
\BOOKMARK [2][-]{subsection.3.1.1}{Int\351gration}{section.3.1}% 44
\BOOKMARK [3][-]{subsubsection.3.1.1.1}{HTML \(HyperText Markup Language\)}{subsection.3.1.1}% 45
\BOOKMARK [3][-]{subsubsection.3.1.1.2}{CSS \(Cascading Style Sheets\)}{subsection.3.1.1}% 46
\BOOKMARK [3][-]{subsubsection.3.1.1.3}{JavaScript}{subsection.3.1.1}% 47
\BOOKMARK [2][-]{subsection.3.1.2}{Module dactylographique}{section.3.1}% 48
\BOOKMARK [1][-]{section.3.2}{Back-end}{part.3}% 49
\BOOKMARK [2][-]{subsection.3.2.1}{Base de donn\351es}{section.3.2}% 50
\BOOKMARK [2][-]{subsection.3.2.2}{Programmation orient\351e objet \(POO\)}{section.3.2}% 51
\BOOKMARK [3][-]{subsubsection.3.2.2.1}{Architecture}{subsection.3.2.2}% 52
\BOOKMARK [3][-]{subsubsection.3.2.2.2}{S\351curit\351}{subsection.3.2.2}% 53
\BOOKMARK [3][-]{subsubsection.3.2.2.3}{Gravatar}{subsection.3.2.2}% 54
\BOOKMARK [0][-]{part.4}{IV Perspectives d'\351volution}{}% 55
\BOOKMARK [1][-]{section.4.1}{Factorisation et documentation compl\350te du code}{part.4}% 56
\BOOKMARK [1][-]{section.4.2}{D\351veloppement des fonctionnalit\351s sociales}{part.4}% 57
\BOOKMARK [2][-]{subsection.4.2.1}{R\351seautage social}{section.4.2}% 58
\BOOKMARK [2][-]{subsection.4.2.2}{Forum}{section.4.2}% 59
\BOOKMARK [2][-]{subsection.4.2.3}{Comp\351titions en temps r\351el}{section.4.2}% 60
\BOOKMARK [1][-]{section.4.3}{D\351veloppement d'un espace d'administration}{part.4}% 61
\BOOKMARK [1][-]{section.4.4}{R\351f\351rencement naturel \(SEO\)}{part.4}% 62
